c:\users\user\source\repos\osualgorithms\osualgorithms\debug\vc141.pdb
c:\users\user\source\repos\osualgorithms\osualgorithms\debug\vc141.idb
c:\users\user\source\repos\osualgorithms\osualgorithms\debug\osualgorithms.obj
c:\users\user\source\repos\osualgorithms\osualgorithms\debug\general.obj
c:\users\user\source\repos\osualgorithms\osualgorithms\debug\density.obj
c:\users\user\source\repos\osualgorithms\osualgorithms\debug\patternrecognition.obj
c:\users\user\source\repos\osualgorithms\osualgorithms\debug\osualgorithms.pch
c:\users\user\source\repos\osualgorithms\osualgorithms\debug\pch.obj
c:\users\user\source\repos\osualgorithms\osualgorithms\debug\printer.obj
c:\users\user\source\repos\osualgorithms\debug\osualgorithms.exe
c:\users\user\source\repos\osualgorithms\debug\osualgorithms.ilk
c:\users\user\source\repos\osualgorithms\debug\osualgorithms.pdb
c:\users\user\source\repos\osualgorithms\debug\testdatabase.dll
c:\users\user\source\repos\osualgorithms\debug\testdatabase.pdb
c:\users\user\source\repos\osualgorithms\osualgorithms\debug\osualgorithms.vcxprojassemblyreference.cache
c:\users\user\source\repos\osualgorithms\osualgorithms\debug\osualgorithms.obj.enc
c:\users\user\source\repos\osualgorithms\osualgorithms\debug\osualgorithms.tlog\cl.command.1.tlog
c:\users\user\source\repos\osualgorithms\osualgorithms\debug\osualgorithms.tlog\cl.read.1.tlog
c:\users\user\source\repos\osualgorithms\osualgorithms\debug\osualgorithms.tlog\cl.write.1.tlog
c:\users\user\source\repos\osualgorithms\osualgorithms\debug\osualgorithms.tlog\link.command.1.tlog
c:\users\user\source\repos\osualgorithms\osualgorithms\debug\osualgorithms.tlog\link.read.1.tlog
c:\users\user\source\repos\osualgorithms\osualgorithms\debug\osualgorithms.tlog\link.write.1.tlog
c:\users\user\source\repos\osualgorithms\osualgorithms\debug\osualgorithms.tlog\osualgorithms.write.1u.tlog
